[0.884s] DEBUG:colcon:Command line arguments: ['/usr/bin/colcon', 'list', '-p', '--base-paths', '/home/rane/Development/hide_and_seek_robot_ws']
[0.884s] DEBUG:colcon:Parsed command line arguments: Namespace(log_base=None, log_level=None, verb_name='list', build_base='build', ignore_user_meta=False, metas=['./colcon.meta'], base_paths=['/home/rane/Development/hide_and_seek_robot_ws'], packages_ignore=None, packages_ignore_regex=None, paths=None, packages_up_to=None, packages_up_to_regex=None, packages_above=None, packages_above_and_dependencies=None, packages_above_depth=None, packages_select_by_dep=None, packages_skip_by_dep=None, packages_skip_up_to=None, packages_select_build_failed=False, packages_skip_build_finished=False, packages_select_test_failures=False, packages_skip_test_passed=False, packages_select=None, packages_skip=None, packages_select_regex=None, packages_skip_regex=None, packages_start=None, packages_end=None, allow_overriding=[], topological_order=False, names_only=False, paths_only=True, topological_graph=False, topological_graph_dot=False, topological_graph_density=False, topological_graph_legend=False, topological_graph_dot_cluster=False, topological_graph_dot_include_skipped=False, mixin_files=None, mixin=None, verb_parser=<colcon_mixin.mixin.mixin_argument.MixinArgumentDecorator object at 0xffffa5e50f10>, verb_extension=<colcon_package_information.verb.list.ListVerb object at 0xffffa5e23df0>, main=<bound method ListVerb.main of <colcon_package_information.verb.list.ListVerb object at 0xffffa5e23df0>>, mixin_verb=('list',))
[2.957s] Level 1:colcon.colcon_core.package_discovery:discover_packages(colcon_meta) check parameters
[2.957s] Level 1:colcon.colcon_core.package_discovery:discover_packages(recursive) check parameters
[2.958s] Level 1:colcon.colcon_core.package_discovery:discover_packages(ignore) check parameters
[2.958s] Level 1:colcon.colcon_core.package_discovery:discover_packages(path) check parameters
[2.959s] Level 1:colcon.colcon_core.package_discovery:discover_packages(recursive) discover
[2.959s] INFO:colcon.colcon_core.package_discovery:Crawling recursively for packages in '/home/rane/Development/hide_and_seek_robot_ws'
[2.960s] Level 1:colcon.colcon_core.package_identification:_identify(/home/rane/Development/hide_and_seek_robot_ws) by extensions ['ignore', 'ignore_ament_install']
[2.961s] Level 1:colcon.colcon_core.package_identification:_identify(/home/rane/Development/hide_and_seek_robot_ws) by extension 'ignore'
[2.962s] Level 1:colcon.colcon_core.package_identification:_identify(/home/rane/Development/hide_and_seek_robot_ws) by extension 'ignore_ament_install'
[2.963s] Level 1:colcon.colcon_core.package_identification:_identify(/home/rane/Development/hide_and_seek_robot_ws) by extensions ['colcon_pkg']
[2.963s] Level 1:colcon.colcon_core.package_identification:_identify(/home/rane/Development/hide_and_seek_robot_ws) by extension 'colcon_pkg'
[2.964s] Level 1:colcon.colcon_core.package_identification:_identify(/home/rane/Development/hide_and_seek_robot_ws) by extensions ['colcon_meta']
[2.965s] Level 1:colcon.colcon_core.package_identification:_identify(/home/rane/Development/hide_and_seek_robot_ws) by extension 'colcon_meta'
[2.966s] Level 1:colcon.colcon_core.package_identification:_identify(/home/rane/Development/hide_and_seek_robot_ws) by extensions ['ros']
[2.966s] Level 1:colcon.colcon_core.package_identification:_identify(/home/rane/Development/hide_and_seek_robot_ws) by extension 'ros'
[3.211s] Level 1:colcon.colcon_core.package_identification:_identify(/home/rane/Development/hide_and_seek_robot_ws) by extensions ['cmake', 'python']
[3.211s] Level 1:colcon.colcon_core.package_identification:_identify(/home/rane/Development/hide_and_seek_robot_ws) by extension 'cmake'
[3.212s] Level 1:colcon.colcon_core.package_identification:_identify(/home/rane/Development/hide_and_seek_robot_ws) by extension 'python'
[3.213s] Level 1:colcon.colcon_core.package_identification:_identify(/home/rane/Development/hide_and_seek_robot_ws) by extensions ['python_setup_py']
[3.214s] Level 1:colcon.colcon_core.package_identification:_identify(/home/rane/Development/hide_and_seek_robot_ws) by extension 'python_setup_py'
[3.215s] Level 1:colcon.colcon_core.package_identification:_identify(/home/rane/Development/hide_and_seek_robot_ws/build) by extensions ['ignore', 'ignore_ament_install']
[3.216s] Level 1:colcon.colcon_core.package_identification:_identify(/home/rane/Development/hide_and_seek_robot_ws/build) by extension 'ignore'
[3.217s] Level 1:colcon.colcon_core.package_identification:_identify(/home/rane/Development/hide_and_seek_robot_ws/build) ignored
[3.218s] Level 1:colcon.colcon_core.package_identification:_identify(/home/rane/Development/hide_and_seek_robot_ws/install) by extensions ['ignore', 'ignore_ament_install']
[3.219s] Level 1:colcon.colcon_core.package_identification:_identify(/home/rane/Development/hide_and_seek_robot_ws/install) by extension 'ignore'
[3.220s] Level 1:colcon.colcon_core.package_identification:_identify(/home/rane/Development/hide_and_seek_robot_ws/install) ignored
[3.222s] Level 1:colcon.colcon_core.package_identification:_identify(/home/rane/Development/hide_and_seek_robot_ws/log) by extensions ['ignore', 'ignore_ament_install']
[3.223s] Level 1:colcon.colcon_core.package_identification:_identify(/home/rane/Development/hide_and_seek_robot_ws/log) by extension 'ignore'
[3.223s] Level 1:colcon.colcon_core.package_identification:_identify(/home/rane/Development/hide_and_seek_robot_ws/log) ignored
[3.226s] Level 1:colcon.colcon_core.package_identification:_identify(/home/rane/Development/hide_and_seek_robot_ws/src) by extensions ['ignore', 'ignore_ament_install']
[3.227s] Level 1:colcon.colcon_core.package_identification:_identify(/home/rane/Development/hide_and_seek_robot_ws/src) by extension 'ignore'
[3.228s] Level 1:colcon.colcon_core.package_identification:_identify(/home/rane/Development/hide_and_seek_robot_ws/src) by extension 'ignore_ament_install'
[3.230s] Level 1:colcon.colcon_core.package_identification:_identify(/home/rane/Development/hide_and_seek_robot_ws/src) by extensions ['colcon_pkg']
[3.231s] Level 1:colcon.colcon_core.package_identification:_identify(/home/rane/Development/hide_and_seek_robot_ws/src) by extension 'colcon_pkg'
[3.232s] Level 1:colcon.colcon_core.package_identification:_identify(/home/rane/Development/hide_and_seek_robot_ws/src) by extensions ['colcon_meta']
[3.233s] Level 1:colcon.colcon_core.package_identification:_identify(/home/rane/Development/hide_and_seek_robot_ws/src) by extension 'colcon_meta'
[3.234s] Level 1:colcon.colcon_core.package_identification:_identify(/home/rane/Development/hide_and_seek_robot_ws/src) by extensions ['ros']
[3.234s] Level 1:colcon.colcon_core.package_identification:_identify(/home/rane/Development/hide_and_seek_robot_ws/src) by extension 'ros'
[3.236s] Level 1:colcon.colcon_core.package_identification:_identify(/home/rane/Development/hide_and_seek_robot_ws/src) by extensions ['cmake', 'python']
[3.236s] Level 1:colcon.colcon_core.package_identification:_identify(/home/rane/Development/hide_and_seek_robot_ws/src) by extension 'cmake'
[3.237s] Level 1:colcon.colcon_core.package_identification:_identify(/home/rane/Development/hide_and_seek_robot_ws/src) by extension 'python'
[3.238s] Level 1:colcon.colcon_core.package_identification:_identify(/home/rane/Development/hide_and_seek_robot_ws/src) by extensions ['python_setup_py']
[3.238s] Level 1:colcon.colcon_core.package_identification:_identify(/home/rane/Development/hide_and_seek_robot_ws/src) by extension 'python_setup_py'
[3.240s] Level 1:colcon.colcon_core.package_identification:_identify(/home/rane/Development/hide_and_seek_robot_ws/src/test_pkg) by extensions ['ignore', 'ignore_ament_install']
[3.241s] Level 1:colcon.colcon_core.package_identification:_identify(/home/rane/Development/hide_and_seek_robot_ws/src/test_pkg) by extension 'ignore'
[3.241s] Level 1:colcon.colcon_core.package_identification:_identify(/home/rane/Development/hide_and_seek_robot_ws/src/test_pkg) by extension 'ignore_ament_install'
[3.243s] Level 1:colcon.colcon_core.package_identification:_identify(/home/rane/Development/hide_and_seek_robot_ws/src/test_pkg) by extensions ['colcon_pkg']
[3.244s] Level 1:colcon.colcon_core.package_identification:_identify(/home/rane/Development/hide_and_seek_robot_ws/src/test_pkg) by extension 'colcon_pkg'
[3.244s] Level 1:colcon.colcon_core.package_identification:_identify(/home/rane/Development/hide_and_seek_robot_ws/src/test_pkg) by extensions ['colcon_meta']
[3.245s] Level 1:colcon.colcon_core.package_identification:_identify(/home/rane/Development/hide_and_seek_robot_ws/src/test_pkg) by extension 'colcon_meta'
[3.246s] Level 1:colcon.colcon_core.package_identification:_identify(/home/rane/Development/hide_and_seek_robot_ws/src/test_pkg) by extensions ['ros']
[3.247s] Level 1:colcon.colcon_core.package_identification:_identify(/home/rane/Development/hide_and_seek_robot_ws/src/test_pkg) by extension 'ros'
[3.262s] DEBUG:colcon.colcon_core.package_identification:Package '/home/rane/Development/hide_and_seek_robot_ws/src/test_pkg' with type 'ros.ament_python' and name 'test_pkg'
[3.263s] Level 1:colcon.colcon_core.package_discovery:discover_packages(recursive) using defaults
