[0.453s] DEBUG:colcon:Command line arguments: ['/usr/bin/colcon', 'build']
[0.453s] DEBUG:colcon:Parsed command line arguments: Namespace(log_base=None, log_level=None, verb_name='build', build_base='build', install_base='install', merge_install=False, symlink_install=False, test_result_base=None, continue_on_error=False, executor='parallel', parallel_workers=4, event_handlers=None, ignore_user_meta=False, metas=['./colcon.meta'], base_paths=['.'], packages_ignore=None, packages_ignore_regex=None, paths=None, packages_up_to=None, packages_up_to_regex=None, packages_above=None, packages_above_and_dependencies=None, packages_above_depth=None, packages_select_by_dep=None, packages_skip_by_dep=None, packages_skip_up_to=None, packages_select_build_failed=False, packages_skip_build_finished=False, packages_select_test_failures=False, packages_skip_test_passed=False, packages_select=None, packages_skip=None, packages_select_regex=None, packages_skip_regex=None, packages_start=None, packages_end=None, allow_overriding=[], cmake_args=None, cmake_target=None, cmake_target_skip_unavailable=False, cmake_clean_cache=False, cmake_clean_first=False, cmake_force_configure=False, ament_cmake_args=None, catkin_cmake_args=None, catkin_skip_building_tests=False, mixin_files=None, mixin=None, verb_parser=<colcon_mixin.mixin.mixin_argument.MixinArgumentDecorator object at 0xffffb9f40490>, verb_extension=<colcon_core.verb.build.BuildVerb object at 0xffffba0e9390>, main=<bound method BuildVerb.main of <colcon_core.verb.build.BuildVerb object at 0xffffba0e9390>>, mixin_verb=('build',))
[1.235s] Level 1:colcon.colcon_core.package_discovery:discover_packages(colcon_meta) check parameters
[1.236s] Level 1:colcon.colcon_core.package_discovery:discover_packages(recursive) check parameters
[1.236s] Level 1:colcon.colcon_core.package_discovery:discover_packages(ignore) check parameters
[1.236s] Level 1:colcon.colcon_core.package_discovery:discover_packages(path) check parameters
[1.236s] Level 1:colcon.colcon_core.package_discovery:discover_packages(colcon_meta) discover
[1.236s] Level 1:colcon.colcon_core.package_discovery:discover_packages(recursive) discover
[1.236s] INFO:colcon.colcon_core.package_discovery:Crawling recursively for packages in '/home/rane/Development/hide_and_seek_robot_ws'
[1.237s] Level 1:colcon.colcon_core.package_identification:_identify(.) by extensions ['ignore', 'ignore_ament_install']
[1.237s] Level 1:colcon.colcon_core.package_identification:_identify(.) by extension 'ignore'
[1.237s] Level 1:colcon.colcon_core.package_identification:_identify(.) by extension 'ignore_ament_install'
[1.238s] Level 1:colcon.colcon_core.package_identification:_identify(.) by extensions ['colcon_pkg']
[1.238s] Level 1:colcon.colcon_core.package_identification:_identify(.) by extension 'colcon_pkg'
[1.238s] Level 1:colcon.colcon_core.package_identification:_identify(.) by extensions ['colcon_meta']
[1.238s] Level 1:colcon.colcon_core.package_identification:_identify(.) by extension 'colcon_meta'
[1.238s] Level 1:colcon.colcon_core.package_identification:_identify(.) by extensions ['ros']
[1.238s] Level 1:colcon.colcon_core.package_identification:_identify(.) by extension 'ros'
[1.284s] Level 1:colcon.colcon_core.package_identification:_identify(.) by extensions ['cmake', 'python']
[1.284s] Level 1:colcon.colcon_core.package_identification:_identify(.) by extension 'cmake'
[1.284s] Level 1:colcon.colcon_core.package_identification:_identify(.) by extension 'python'
[1.284s] Level 1:colcon.colcon_core.package_identification:_identify(.) by extensions ['python_setup_py']
[1.284s] Level 1:colcon.colcon_core.package_identification:_identify(.) by extension 'python_setup_py'
[1.285s] Level 1:colcon.colcon_core.package_identification:_identify(build) by extensions ['ignore', 'ignore_ament_install']
[1.285s] Level 1:colcon.colcon_core.package_identification:_identify(build) by extension 'ignore'
[1.285s] Level 1:colcon.colcon_core.package_identification:_identify(build) ignored
[1.286s] Level 1:colcon.colcon_core.package_identification:_identify(install) by extensions ['ignore', 'ignore_ament_install']
[1.286s] Level 1:colcon.colcon_core.package_identification:_identify(install) by extension 'ignore'
[1.286s] Level 1:colcon.colcon_core.package_identification:_identify(install) ignored
[1.287s] Level 1:colcon.colcon_core.package_identification:_identify(log) by extensions ['ignore', 'ignore_ament_install']
[1.287s] Level 1:colcon.colcon_core.package_identification:_identify(log) by extension 'ignore'
[1.288s] Level 1:colcon.colcon_core.package_identification:_identify(log) ignored
[1.288s] Level 1:colcon.colcon_core.package_identification:_identify(src) by extensions ['ignore', 'ignore_ament_install']
[1.288s] Level 1:colcon.colcon_core.package_identification:_identify(src) by extension 'ignore'
[1.288s] Level 1:colcon.colcon_core.package_identification:_identify(src) by extension 'ignore_ament_install'
[1.289s] Level 1:colcon.colcon_core.package_identification:_identify(src) by extensions ['colcon_pkg']
[1.289s] Level 1:colcon.colcon_core.package_identification:_identify(src) by extension 'colcon_pkg'
[1.289s] Level 1:colcon.colcon_core.package_identification:_identify(src) by extensions ['colcon_meta']
[1.289s] Level 1:colcon.colcon_core.package_identification:_identify(src) by extension 'colcon_meta'
[1.289s] Level 1:colcon.colcon_core.package_identification:_identify(src) by extensions ['ros']
[1.289s] Level 1:colcon.colcon_core.package_identification:_identify(src) by extension 'ros'
[1.290s] Level 1:colcon.colcon_core.package_identification:_identify(src) by extensions ['cmake', 'python']
[1.290s] Level 1:colcon.colcon_core.package_identification:_identify(src) by extension 'cmake'
[1.290s] Level 1:colcon.colcon_core.package_identification:_identify(src) by extension 'python'
[1.290s] Level 1:colcon.colcon_core.package_identification:_identify(src) by extensions ['python_setup_py']
[1.290s] Level 1:colcon.colcon_core.package_identification:_identify(src) by extension 'python_setup_py'
[1.290s] Level 1:colcon.colcon_core.package_identification:_identify(src/test_pkg) by extensions ['ignore', 'ignore_ament_install']
[1.291s] Level 1:colcon.colcon_core.package_identification:_identify(src/test_pkg) by extension 'ignore'
[1.291s] Level 1:colcon.colcon_core.package_identification:_identify(src/test_pkg) by extension 'ignore_ament_install'
[1.291s] Level 1:colcon.colcon_core.package_identification:_identify(src/test_pkg) by extensions ['colcon_pkg']
[1.291s] Level 1:colcon.colcon_core.package_identification:_identify(src/test_pkg) by extension 'colcon_pkg'
[1.292s] Level 1:colcon.colcon_core.package_identification:_identify(src/test_pkg) by extensions ['colcon_meta']
[1.292s] Level 1:colcon.colcon_core.package_identification:_identify(src/test_pkg) by extension 'colcon_meta'
[1.292s] Level 1:colcon.colcon_core.package_identification:_identify(src/test_pkg) by extensions ['ros']
[1.292s] Level 1:colcon.colcon_core.package_identification:_identify(src/test_pkg) by extension 'ros'
[1.300s] DEBUG:colcon.colcon_core.package_identification:Package 'src/test_pkg' with type 'ros.ament_python' and name 'test_pkg'
[1.300s] Level 1:colcon.colcon_core.package_discovery:discover_packages(recursive) using defaults
[1.301s] Level 1:colcon.colcon_core.package_discovery:discover_packages(ignore) discover
[1.301s] Level 1:colcon.colcon_core.package_discovery:discover_packages(ignore) using defaults
[1.301s] Level 1:colcon.colcon_core.package_discovery:discover_packages(path) discover
[1.301s] Level 1:colcon.colcon_core.package_discovery:discover_packages(path) using defaults
[1.381s] Level 1:colcon.colcon_core.package_discovery:discover_packages(prefix_path) check parameters
[1.381s] Level 1:colcon.colcon_core.package_discovery:discover_packages(prefix_path) discover
[1.425s] DEBUG:colcon.colcon_installed_package_information.package_discovery:Found 1 installed packages in /home/rane/Development/hide_and_seek_robot_ws/install
[1.434s] DEBUG:colcon.colcon_installed_package_information.package_discovery:Found 273 installed packages in /opt/ros/humble
[1.440s] Level 1:colcon.colcon_core.package_discovery:discover_packages(prefix_path) using defaults
[1.605s] Level 5:colcon.colcon_core.verb:set package 'test_pkg' build argument 'cmake_args' from command line to 'None'
[1.605s] Level 5:colcon.colcon_core.verb:set package 'test_pkg' build argument 'cmake_target' from command line to 'None'
[1.605s] Level 5:colcon.colcon_core.verb:set package 'test_pkg' build argument 'cmake_target_skip_unavailable' from command line to 'False'
[1.605s] Level 5:colcon.colcon_core.verb:set package 'test_pkg' build argument 'cmake_clean_cache' from command line to 'False'
[1.605s] Level 5:colcon.colcon_core.verb:set package 'test_pkg' build argument 'cmake_clean_first' from command line to 'False'
[1.605s] Level 5:colcon.colcon_core.verb:set package 'test_pkg' build argument 'cmake_force_configure' from command line to 'False'
[1.606s] Level 5:colcon.colcon_core.verb:set package 'test_pkg' build argument 'ament_cmake_args' from command line to 'None'
[1.606s] Level 5:colcon.colcon_core.verb:set package 'test_pkg' build argument 'catkin_cmake_args' from command line to 'None'
[1.606s] Level 5:colcon.colcon_core.verb:set package 'test_pkg' build argument 'catkin_skip_building_tests' from command line to 'False'
[1.606s] DEBUG:colcon.colcon_core.verb:Building package 'test_pkg' with the following arguments: {'ament_cmake_args': None, 'build_base': '/home/rane/Development/hide_and_seek_robot_ws/build/test_pkg', 'catkin_cmake_args': None, 'catkin_skip_building_tests': False, 'cmake_args': None, 'cmake_clean_cache': False, 'cmake_clean_first': False, 'cmake_force_configure': False, 'cmake_target': None, 'cmake_target_skip_unavailable': False, 'install_base': '/home/rane/Development/hide_and_seek_robot_ws/install/test_pkg', 'merge_install': False, 'path': '/home/rane/Development/hide_and_seek_robot_ws/src/test_pkg', 'symlink_install': False, 'test_result_base': None}
[1.606s] INFO:colcon.colcon_core.executor:Executing jobs using 'parallel' executor
[1.610s] DEBUG:colcon.colcon_parallel_executor.executor.parallel:run_until_complete
[1.610s] INFO:colcon.colcon_ros.task.ament_python.build:Building ROS package in '/home/rane/Development/hide_and_seek_robot_ws/src/test_pkg' with build type 'ament_python'
[1.611s] Level 1:colcon.colcon_core.shell:create_environment_hook('test_pkg', 'ament_prefix_path')
[1.619s] INFO:colcon.colcon_core.plugin_system:Skipping extension 'colcon_core.shell.bat': Not used on non-Windows systems
[1.620s] INFO:colcon.colcon_core.shell:Creating environment hook '/home/rane/Development/hide_and_seek_robot_ws/install/test_pkg/share/test_pkg/hook/ament_prefix_path.ps1'
[1.623s] INFO:colcon.colcon_core.shell:Creating environment descriptor '/home/rane/Development/hide_and_seek_robot_ws/install/test_pkg/share/test_pkg/hook/ament_prefix_path.dsv'
[1.626s] INFO:colcon.colcon_core.shell:Creating environment hook '/home/rane/Development/hide_and_seek_robot_ws/install/test_pkg/share/test_pkg/hook/ament_prefix_path.sh'
[1.629s] INFO:colcon.colcon_core.shell:Skip shell extension 'powershell' for command environment: Not usable outside of PowerShell
[1.629s] DEBUG:colcon.colcon_core.shell:Skip shell extension 'dsv' for command environment
[2.790s] INFO:colcon.colcon_core.task.python.build:Building Python package in '/home/rane/Development/hide_and_seek_robot_ws/src/test_pkg'
[2.791s] INFO:colcon.colcon_core.shell:Skip shell extension 'powershell' for command environment: Not usable outside of PowerShell
[2.792s] DEBUG:colcon.colcon_core.shell:Skip shell extension 'dsv' for command environment
[4.243s] DEBUG:colcon.colcon_core.event_handler.log_command:Invoking command in '/home/rane/Development/hide_and_seek_robot_ws/src/test_pkg': PYTHONPATH=/home/rane/Development/hide_and_seek_robot_ws/build/test_pkg/prefix_override:/usr/lib/python3/dist-packages/colcon_core/task/python/colcon_distutils_commands:/home/rane/Development/hide_and_seek_robot_ws/install/test_pkg/lib/python3.10/site-packages:${PYTHONPATH} /usr/bin/python3 -W ignore:setup.py install is deprecated -W ignore:easy_install command is deprecated setup.py egg_info --egg-base ../../build/test_pkg build --build-base /home/rane/Development/hide_and_seek_robot_ws/build/test_pkg/build install --record /home/rane/Development/hide_and_seek_robot_ws/build/test_pkg/install.log --single-version-externally-managed install_data
[5.549s] DEBUG:colcon.colcon_core.event_handler.log_command:Invoked command in '/home/rane/Development/hide_and_seek_robot_ws/src/test_pkg' returned '0': PYTHONPATH=/home/rane/Development/hide_and_seek_robot_ws/build/test_pkg/prefix_override:/usr/lib/python3/dist-packages/colcon_core/task/python/colcon_distutils_commands:/home/rane/Development/hide_and_seek_robot_ws/install/test_pkg/lib/python3.10/site-packages:${PYTHONPATH} /usr/bin/python3 -W ignore:setup.py install is deprecated -W ignore:easy_install command is deprecated setup.py egg_info --egg-base ../../build/test_pkg build --build-base /home/rane/Development/hide_and_seek_robot_ws/build/test_pkg/build install --record /home/rane/Development/hide_and_seek_robot_ws/build/test_pkg/install.log --single-version-externally-managed install_data
[5.559s] Level 1:colcon.colcon_core.environment:checking '/home/rane/Development/hide_and_seek_robot_ws/install/test_pkg' for CMake module files
[5.562s] Level 1:colcon.colcon_core.environment:checking '/home/rane/Development/hide_and_seek_robot_ws/install/test_pkg' for CMake config files
[5.565s] Level 1:colcon.colcon_core.environment:checking '/home/rane/Development/hide_and_seek_robot_ws/install/test_pkg/lib'
[5.566s] Level 1:colcon.colcon_core.environment:checking '/home/rane/Development/hide_and_seek_robot_ws/install/test_pkg/bin'
[5.567s] Level 1:colcon.colcon_core.environment:checking '/home/rane/Development/hide_and_seek_robot_ws/install/test_pkg/lib/pkgconfig/test_pkg.pc'
[5.568s] Level 1:colcon.colcon_core.environment:checking '/home/rane/Development/hide_and_seek_robot_ws/install/test_pkg/lib/python3.10/site-packages'
[5.568s] Level 1:colcon.colcon_core.shell:create_environment_hook('test_pkg', 'pythonpath')
[5.569s] INFO:colcon.colcon_core.shell:Creating environment hook '/home/rane/Development/hide_and_seek_robot_ws/install/test_pkg/share/test_pkg/hook/pythonpath.ps1'
[5.571s] INFO:colcon.colcon_core.shell:Creating environment descriptor '/home/rane/Development/hide_and_seek_robot_ws/install/test_pkg/share/test_pkg/hook/pythonpath.dsv'
[5.573s] INFO:colcon.colcon_core.shell:Creating environment hook '/home/rane/Development/hide_and_seek_robot_ws/install/test_pkg/share/test_pkg/hook/pythonpath.sh'
[5.575s] Level 1:colcon.colcon_core.environment:checking '/home/rane/Development/hide_and_seek_robot_ws/install/test_pkg/bin'
[5.576s] Level 1:colcon.colcon_core.environment:create_environment_scripts_only(test_pkg)
[5.577s] INFO:colcon.colcon_core.shell:Creating package script '/home/rane/Development/hide_and_seek_robot_ws/install/test_pkg/share/test_pkg/package.ps1'
[5.580s] INFO:colcon.colcon_core.shell:Creating package descriptor '/home/rane/Development/hide_and_seek_robot_ws/install/test_pkg/share/test_pkg/package.dsv'
[5.583s] INFO:colcon.colcon_core.shell:Creating package script '/home/rane/Development/hide_and_seek_robot_ws/install/test_pkg/share/test_pkg/package.sh'
[5.586s] INFO:colcon.colcon_core.shell:Creating package script '/home/rane/Development/hide_and_seek_robot_ws/install/test_pkg/share/test_pkg/package.bash'
[5.589s] INFO:colcon.colcon_core.shell:Creating package script '/home/rane/Development/hide_and_seek_robot_ws/install/test_pkg/share/test_pkg/package.zsh'
[5.593s] Level 1:colcon.colcon_core.environment:create_file_with_runtime_dependencies(/home/rane/Development/hide_and_seek_robot_ws/install/test_pkg/share/colcon-core/packages/test_pkg)
[5.594s] DEBUG:colcon.colcon_parallel_executor.executor.parallel:closing loop
[5.595s] DEBUG:colcon.colcon_parallel_executor.executor.parallel:loop closed
[5.596s] DEBUG:colcon.colcon_parallel_executor.executor.parallel:run_until_complete finished with '0'
[5.596s] DEBUG:colcon.colcon_core.event_reactor:joining thread
[5.615s] INFO:colcon.colcon_core.plugin_system:Skipping extension 'colcon_notification.desktop_notification.terminal_notifier': Not used on non-Darwin systems
[5.615s] INFO:colcon.colcon_core.plugin_system:Skipping extension 'colcon_notification.desktop_notification.win32': Not used on non-Windows systems
[5.616s] INFO:colcon.colcon_notification.desktop_notification:Sending desktop notification using 'notify2'
[5.621s] DEBUG:colcon.colcon_notification.desktop_notification.notify2:Failed to initialize notify2: org.freedesktop.DBus.Error.ServiceUnknown: The name org.freedesktop.Notifications was not provided by any .service files
[5.621s] DEBUG:colcon.colcon_core.event_reactor:joined thread
[5.622s] INFO:colcon.colcon_core.shell:Creating prefix script '/home/rane/Development/hide_and_seek_robot_ws/install/local_setup.ps1'
[5.626s] INFO:colcon.colcon_core.shell:Creating prefix util module '/home/rane/Development/hide_and_seek_robot_ws/install/_local_setup_util_ps1.py'
[5.633s] INFO:colcon.colcon_core.shell:Creating prefix chain script '/home/rane/Development/hide_and_seek_robot_ws/install/setup.ps1'
[5.640s] INFO:colcon.colcon_core.shell:Creating prefix script '/home/rane/Development/hide_and_seek_robot_ws/install/local_setup.sh'
[5.643s] INFO:colcon.colcon_core.shell:Creating prefix util module '/home/rane/Development/hide_and_seek_robot_ws/install/_local_setup_util_sh.py'
[5.646s] INFO:colcon.colcon_core.shell:Creating prefix chain script '/home/rane/Development/hide_and_seek_robot_ws/install/setup.sh'
[5.650s] INFO:colcon.colcon_core.shell:Creating prefix script '/home/rane/Development/hide_and_seek_robot_ws/install/local_setup.bash'
[5.653s] INFO:colcon.colcon_core.shell:Creating prefix chain script '/home/rane/Development/hide_and_seek_robot_ws/install/setup.bash'
[5.657s] INFO:colcon.colcon_core.shell:Creating prefix script '/home/rane/Development/hide_and_seek_robot_ws/install/local_setup.zsh'
[5.659s] INFO:colcon.colcon_core.shell:Creating prefix chain script '/home/rane/Development/hide_and_seek_robot_ws/install/setup.zsh'
